<?xml version="1.0" encoding="UTF-8"?>
<!-- Generated by org.testng.reporters.JUnitReportReporter -->
<testsuite hostname="DESKTOP-76U8ILT" failures="0" tests="1" name="com.testyantra.testcases.TC_1" time="13.037" errors="0" timestamp="2023-06-22T19:40:14 IST" skipped="0">
  <testcase classname="com.testyantra.testcases.TC_1" name="login1" time="13.037"/>
  <system-out/>
</testsuite> <!-- com.testyantra.testcases.TC_1 -->
